<?xml version="1.0" encoding="UTF-8"?>
<!-- Generated by org.testng.reporters.JUnitReportReporter -->
<testsuite hostname="wificampus-020075.grenet.fr" failures="0" tests="6" name="tests.TodoMVCTest" time="36.360" errors="0" timestamp="2025-12-03T02:25:18 CET" skipped="0">
  <testcase classname="tests.TodoMVCTest" name="test04_supprimerUneTache" time="5.486"/>
  <testcase classname="tests.TodoMVCTest" name="test02_ajouterPlusieursTaches" time="6.131"/>
  <testcase classname="tests.TodoMVCTest" name="test05_filtrerTachesActives" time="8.570"/>
  <testcase classname="tests.TodoMVCTest" name="test06_filtrerTachesCompletees" time="6.215"/>
  <testcase classname="tests.TodoMVCTest" name="test03_cocherUneTache" time="5.183"/>
  <testcase classname="tests.TodoMVCTest" name="test01_ajouterUneTache" time="4.775"/>
</testsuite> <!-- tests.TodoMVCTest -->
