<?xml version="1.0" encoding="UTF-8"?>
<!-- Generated by org.testng.reporters.JUnitXMLReporter -->
<testsuite ignored="0" hostname="wificampus-020075.grenet.fr" failures="0" tests="6" name="TodoMVC Tests" time="36.398" errors="0" timestamp="2025-12-03T02:25:18 CET">
  <testcase classname="tests.TodoMVCTest" name="test01_ajouterUneTache" time="1.434"/>
  <testcase classname="tests.TodoMVCTest" name="test02_ajouterPlusieursTaches" time="2.219"/>
  <testcase classname="tests.TodoMVCTest" name="test03_cocherUneTache" time="1.634"/>
  <testcase classname="tests.TodoMVCTest" name="test04_supprimerUneTache" time="2.135"/>
  <testcase classname="tests.TodoMVCTest" name="test05_filtrerTachesActives" time="3.404"/>
  <testcase classname="tests.TodoMVCTest" name="test06_filtrerTachesCompletees" time="2.868"/>
</testsuite> <!-- TodoMVC Tests -->
